<?xml version="1.0" encoding="UTF-8"?>
<!-- Generated by org.testng.reporters.JUnitReportReporter -->
<testsuite hostname="DESKTOP-MHM4477" failures="0" tests="3" name="com.PageTests.JeweleryTest" time="72.146" errors="0" timestamp="2022-05-10T22:01:06 EDT" skipped="1">
  <testcase classname="com.PageTests.JeweleryTest" name="jewelry1" time="19.834"/>
  <system-out/>
  <testcase classname="com.PageTests.JeweleryTest" name="jewelry2" time="40.103"/>
  <system-out/>
  <testcase classname="com.PageTests.JeweleryTest" name="jewelry1" time="12.209">
    <skipped/>
  </testcase> <!-- jewelry1 -->
  <system-out/>
</testsuite> <!-- com.PageTests.JeweleryTest -->
