<?xml version="1.0" encoding="UTF-8"?>
<!-- Generated by org.testng.reporters.JUnitReportReporter -->
<testsuite hostname="DESKTOP-MHM4477" failures="0" tests="2" name="com.PageTests.BrandOutletTest" time="37.189" errors="0" timestamp="2022-05-10T22:01:06 EDT" skipped="0">
  <testcase classname="com.PageTests.BrandOutletTest" name="assertingPageTitle" time="10.536"/>
  <system-out/>
  <testcase classname="com.PageTests.BrandOutletTest" name="callingAllHiddenButtons" time="26.653"/>
  <system-out/>
</testsuite> <!-- com.PageTests.BrandOutletTest -->
