<?xml version="1.0" encoding="UTF-8"?>
<!-- Generated by org.testng.reporters.JUnitReportReporter -->
<testsuite hostname="DESKTOP-MHM4477" failures="0" tests="6" name="com.PageTests.RefurbishedPageTest" time="69.957" errors="0" timestamp="2022-05-10T22:01:06 EDT" skipped="0">
  <testcase classname="com.PageTests.RefurbishedPageTest" name="clickManyItems" time="9.170"/>
  <system-out/>
  <testcase classname="com.PageTests.RefurbishedPageTest" name="bottomTxt" time="9.790"/>
  <system-out/>
  <testcase classname="com.PageTests.RefurbishedPageTest" name="fullPagetTxT" time="9.518"/>
  <system-out/>
  <testcase classname="com.PageTests.RefurbishedPageTest" name="pageInfo" time="9.059"/>
  <system-out/>
  <testcase classname="com.PageTests.RefurbishedPageTest" name="callingAllHiddenButtons" time="22.120"/>
  <system-out/>
  <testcase classname="com.PageTests.RefurbishedPageTest" name="logoClick" time="10.300"/>
  <system-out/>
</testsuite> <!-- com.PageTests.RefurbishedPageTest -->
