<?xml version="1.0" encoding="UTF-8"?>
<!-- Generated by org.testng.reporters.JUnitReportReporter -->
<testsuite hostname="DESKTOP-MHM4477" failures="0" tests="3" name="com.PageTests.SearchSelectTest" time="31.904" errors="0" timestamp="2022-05-10T22:01:06 EDT" skipped="0">
  <testcase classname="com.PageTests.SearchSelectTest" name="getWholePageInfo" time="9.404"/>
  <system-out/>
  <testcase classname="com.PageTests.SearchSelectTest" name="iPhoneDescription" time="17.379"/>
  <system-out/>
  <testcase classname="com.PageTests.SearchSelectTest" name="consoleDescription" time="5.121"/>
  <system-out/>
</testsuite> <!-- com.PageTests.SearchSelectTest -->
