<?xml version="1.0" encoding="UTF-8"?>
<!-- Generated by org.testng.reporters.JUnitReportReporter -->
<testsuite hostname="DESKTOP-MHM4477" failures="0" tests="8" name="com.PageTests.CollecteblesTest" time="149.210" errors="0" timestamp="2022-05-10T22:01:06 EDT" skipped="1">
  <testcase classname="com.PageTests.CollecteblesTest" name="collectibles3" time="19.126"/>
  <system-out/>
  <testcase classname="com.PageTests.CollecteblesTest" name="collectibles5" time="28.498"/>
  <system-out/>
  <testcase classname="com.PageTests.CollecteblesTest" name="itemsOfPage" time="11.870"/>
  <system-out/>
  <testcase classname="com.PageTests.CollecteblesTest" name="collectibles2" time="15.580">
    <skipped/>
  </testcase> <!-- collectibles2 -->
  <system-out/>
  <testcase classname="com.PageTests.CollecteblesTest" name="collectibles2" time="16.682"/>
  <system-out/>
  <testcase classname="com.PageTests.CollecteblesTest" name="hiddenItems" time="20.209"/>
  <system-out/>
  <testcase classname="com.PageTests.CollecteblesTest" name="pageBottomTextPrint" time="9.195"/>
  <system-out/>
  <testcase classname="com.PageTests.CollecteblesTest" name="collectibles1" time="28.050"/>
  <system-out/>
</testsuite> <!-- com.PageTests.CollecteblesTest -->
