<?xml version="1.0" encoding="UTF-8"?>
<!-- Generated by org.testng.reporters.JUnitReportReporter -->
<testsuite hostname="DESKTOP-MHM4477" failures="0" tests="6" name="com.PageTests.SportingGoodsTest" time="78.674" errors="0" timestamp="2022-05-10T22:01:06 EDT" skipped="0">
  <testcase classname="com.PageTests.SportingGoodsTest" name="clickingItems" time="12.255"/>
  <system-out/>
  <testcase classname="com.PageTests.SportingGoodsTest" name="sportingGoodsClicks" time="30.068"/>
  <system-out/>
  <testcase classname="com.PageTests.SportingGoodsTest" name="getFullpageInfo" time="3.822"/>
  <system-out/>
  <testcase classname="com.PageTests.SportingGoodsTest" name="logoTest" time="5.493"/>
  <system-out/>
  <testcase classname="com.PageTests.SportingGoodsTest" name="checkBottomText" time="8.915"/>
  <system-out/>
  <testcase classname="com.PageTests.SportingGoodsTest" name="callinAllHiddenItems" time="18.121"/>
  <system-out/>
</testsuite> <!-- com.PageTests.SportingGoodsTest -->
