<?xml version="1.0" encoding="UTF-8"?>
<!-- Generated by org.testng.reporters.JUnitReportReporter -->
<testsuite hostname="DESKTOP-MHM4477" failures="0" tests="5" name="com.PageTests.HomePageTest" time="135.472" errors="0" timestamp="2022-05-10T22:01:06 EDT" skipped="0">
  <testcase classname="com.PageTests.HomePageTest" name="categorySelect" time="3.971"/>
  <system-out/>
  <testcase classname="com.PageTests.HomePageTest" name="hoverTest" time="104.234"/>
  <system-out/>
  <testcase classname="com.PageTests.HomePageTest" name="footerPicture" time="7.791"/>
  <system-out/>
  <testcase classname="com.PageTests.HomePageTest" name="searchDrop" time="11.577"/>
  <system-out/>
  <testcase classname="com.PageTests.HomePageTest" name="moneyBackClick" time="7.899"/>
  <system-out/>
</testsuite> <!-- com.PageTests.HomePageTest -->
