<?xml version="1.0" encoding="UTF-8"?>
<!-- Generated by org.testng.reporters.JUnitReportReporter -->
<testsuite hostname="DESKTOP-MHM4477" failures="0" tests="5" name="com.PageTests.StartSellingTest" time="41.490" errors="0" timestamp="2022-05-10T22:01:06 EDT" skipped="0">
  <testcase classname="com.PageTests.StartSellingTest" name="pageTitle" time="7.589"/>
  <system-out/>
  <testcase classname="com.PageTests.StartSellingTest" name="faQText" time="3.765"/>
  <system-out/>
  <testcase classname="com.PageTests.StartSellingTest" name="listAnItem" time="7.012"/>
  <system-out/>
  <testcase classname="com.PageTests.StartSellingTest" name="searchSuggestion" time="10.114"/>
  <system-out/>
  <testcase classname="com.PageTests.StartSellingTest" name="sellerPolicyInfo" time="13.010"/>
  <system-out/>
</testsuite> <!-- com.PageTests.StartSellingTest -->
