<?xml version="1.0" encoding="UTF-8"?>
<!-- Generated by org.testng.reporters.JUnitReportReporter -->
<testsuite hostname="DESKTOP-MHM4477" failures="0" tests="5" name="com.PageTests.ClothingAccessoriesTests" time="76.121" errors="0" timestamp="2022-05-10T22:01:06 EDT" skipped="1">
  <testcase classname="com.PageTests.ClothingAccessoriesTests" name="remainingCategories" time="26.033">
    <skipped/>
  </testcase> <!-- remainingCategories -->
  <system-out/>
  <testcase classname="com.PageTests.ClothingAccessoriesTests" name="checkTitle" time="8.645"/>
  <system-out/>
  <testcase classname="com.PageTests.ClothingAccessoriesTests" name="testHiddenButton" time="5.328"/>
  <system-out/>
  <testcase classname="com.PageTests.ClothingAccessoriesTests" name="remainingCategories" time="23.511"/>
  <system-out/>
  <testcase classname="com.PageTests.ClothingAccessoriesTests" name="categoryTest2" time="12.604"/>
  <system-out/>
</testsuite> <!-- com.PageTests.ClothingAccessoriesTests -->
