<?xml version="1.0" encoding="UTF-8"?>
<!-- Generated by org.testng.reporters.JUnitReportReporter -->
<testsuite hostname="DESKTOP-MHM4477" failures="0" tests="5" name="com.PageTests.DailyDealsTest" time="88.359" errors="0" timestamp="2022-05-10T22:01:06 EDT" skipped="0">
  <testcase classname="com.PageTests.DailyDealsTest" name="itemsClick" time="24.399"/>
  <system-out/>
  <testcase classname="com.PageTests.DailyDealsTest" name="featuredBody" time="9.580"/>
  <system-out/>
  <testcase classname="com.PageTests.DailyDealsTest" name="screenShot" time="15.668"/>
  <system-out/>
  <testcase classname="com.PageTests.DailyDealsTest" name="checkingAllDropDowns" time="22.381"/>
  <system-out/>
  <testcase classname="com.PageTests.DailyDealsTest" name="fetchTitle" time="16.331"/>
  <system-out/>
</testsuite> <!-- com.PageTests.DailyDealsTest -->
