<?xml version="1.0" encoding="UTF-8"?>
<!-- Generated by org.testng.reporters.JUnitReportReporter -->
<testsuite hostname="DESKTOP-MHM4477" failures="0" tests="4" name="com.PageTests.CareerTest" time="54.652" errors="0" timestamp="2022-05-10T22:01:06 EDT" skipped="0">
  <testcase classname="com.PageTests.CareerTest" name="category" time="19.603"/>
  <system-out/>
  <testcase classname="com.PageTests.CareerTest" name="location" time="13.247"/>
  <system-out/>
  <testcase classname="com.PageTests.CareerTest" name="titleTest" time="9.206"/>
  <system-out/>
  <testcase classname="com.PageTests.CareerTest" name="clickingOtherLinks" time="12.596"/>
  <system-out/>
</testsuite> <!-- com.PageTests.CareerTest -->
