<?xml version="1.0" encoding="UTF-8"?>
<!-- Generated by org.testng.reporters.JUnitReportReporter -->
<testsuite hostname="DESKTOP-MHM4477" failures="0" tests="2" name="com.PageTests.SelleCenterTest" time="67.513" errors="0" timestamp="2022-05-10T22:01:06 EDT" skipped="0">
  <testcase classname="com.PageTests.SelleCenterTest" name="hoverOverTest" time="57.849"/>
  <system-out/>
  <testcase classname="com.PageTests.SelleCenterTest" name="pageTest" time="9.664"/>
  <system-out/>
</testsuite> <!-- com.PageTests.SelleCenterTest -->
