<?xml version="1.0" encoding="UTF-8"?>
<!-- Generated by org.testng.reporters.JUnitReportReporter -->
<testsuite hostname="DESKTOP-MHM4477" failures="0" tests="5" name="com.PageTests.HomePageSearchTest" time="44.426" errors="0" timestamp="2022-05-10T22:01:06 EDT" skipped="0">
  <testcase classname="com.PageTests.HomePageSearchTest" name="searchResultsAgain" time="10.766"/>
  <system-out/>
  <testcase classname="com.PageTests.HomePageSearchTest" name="titleTest" time="7.208"/>
  <system-out/>
  <testcase classname="com.PageTests.HomePageSearchTest" name="itemSearch" time="7.385"/>
  <system-out/>
  <testcase classname="com.PageTests.HomePageSearchTest" name="itemSearchResults" time="11.016"/>
  <system-out/>
  <testcase classname="com.PageTests.HomePageSearchTest" name="searchAgain" time="8.051"/>
  <system-out/>
</testsuite> <!-- com.PageTests.HomePageSearchTest -->
