<?xml version="1.0" encoding="UTF-8"?>
<!-- Generated by org.testng.reporters.JUnitReportReporter -->
<testsuite hostname="DESKTOP-MHM4477" failures="0" tests="13" name="com.PageTests.ElectronicsPageTest" time="137.843" errors="0" timestamp="2022-05-10T22:01:06 EDT" skipped="0">
  <testcase classname="com.PageTests.ElectronicsPageTest" name="titleTEst2" time="10.469"/>
  <system-out/>
  <testcase classname="com.PageTests.ElectronicsPageTest" name="titleTest" time="7.182"/>
  <system-out/>
  <testcase classname="com.PageTests.ElectronicsPageTest" name="callingDropDown1" time="9.101"/>
  <system-out/>
  <testcase classname="com.PageTests.ElectronicsPageTest" name="callingDropDown2" time="9.298"/>
  <system-out/>
  <testcase classname="com.PageTests.ElectronicsPageTest" name="callingDropDown3" time="12.183"/>
  <system-out/>
  <testcase classname="com.PageTests.ElectronicsPageTest" name="callingDropDown4" time="7.863"/>
  <system-out/>
  <testcase classname="com.PageTests.ElectronicsPageTest" name="callingDropDown5" time="12.186"/>
  <system-out/>
  <testcase classname="com.PageTests.ElectronicsPageTest" name="callingDropDown6" time="12.208"/>
  <system-out/>
  <testcase classname="com.PageTests.ElectronicsPageTest" name="callingDropDown7" time="12.067"/>
  <system-out/>
  <testcase classname="com.PageTests.ElectronicsPageTest" name="callingDropDown8" time="7.973"/>
  <system-out/>
  <testcase classname="com.PageTests.ElectronicsPageTest" name="callingDropDown9" time="12.762"/>
  <system-out/>
  <testcase classname="com.PageTests.ElectronicsPageTest" name="callingDropDown10" time="14.161"/>
  <system-out/>
  <testcase classname="com.PageTests.ElectronicsPageTest" name="clickItem" time="10.390"/>
  <system-out/>
</testsuite> <!-- com.PageTests.ElectronicsPageTest -->
