<?xml version="1.0" encoding="UTF-8"?>
<!-- Generated by org.testng.reporters.JUnitReportReporter -->
<testsuite hostname="DESKTOP-MHM4477" failures="0" tests="4" name="com.PageTests.MotorsTest" time="71.333" errors="0" timestamp="2022-05-10T22:01:06 EDT" skipped="0">
  <testcase classname="com.PageTests.MotorsTest" name="pageTitle" time="8.663"/>
  <system-out/>
  <testcase classname="com.PageTests.MotorsTest" name="printText" time="9.301"/>
  <system-out/>
  <testcase classname="com.PageTests.MotorsTest" name="hiddenButtons" time="8.987"/>
  <system-out/>
  <testcase classname="com.PageTests.MotorsTest" name="hiddenItemCLicks" time="44.382"/>
  <system-out/>
</testsuite> <!-- com.PageTests.MotorsTest -->
